[debug] [2023-06-16T21:35:36.076Z] ----------------------------------------------------------------------
[debug] [2023-06-16T21:35:36.079Z] Command:       C:\Program Files\nodejs\node.exe C:\Users\kruger\AppData\Roaming\npm\node_modules\firebase-tools\lib\bin\firebase.js init hosting
[debug] [2023-06-16T21:35:36.079Z] CLI Version:   12.4.0
[debug] [2023-06-16T21:35:36.079Z] Platform:      win32
[debug] [2023-06-16T21:35:36.080Z] Node Version:  v18.7.0
[debug] [2023-06-16T21:35:36.081Z] Time:          Fri Jun 16 2023 16:35:36 GMT-0500 (hora de Ecuador)
[debug] [2023-06-16T21:35:36.081Z] ----------------------------------------------------------------------
[debug] 
[debug] [2023-06-16T21:35:36.088Z] > command requires scopes: ["email","openid","https://www.googleapis.com/auth/cloudplatformprojects.readonly","https://www.googleapis.com/auth/firebase","https://www.googleapis.com/auth/cloud-platform"]
[debug] [2023-06-16T21:35:36.089Z] > authorizing via signed-in user (rodolfoborja25@gmail.com)
[info] 
     ######## #### ########  ######## ########     ###     ######  ########
     ##        ##  ##     ## ##       ##     ##  ##   ##  ##       ##
     ######    ##  ########  ######   ########  #########  ######  ######
     ##        ##  ##    ##  ##       ##     ## ##     ##       ## ##
     ##       #### ##     ## ######## ########  ##     ##  ######  ########

You're about to initialize a Firebase project in this directory:

  C:\DeveloperRodolfo\portafoliorborja\Portfolio-Template-main

Before we get started, keep in mind:

  * You are currently outside your home directory

[info] 
=== Project Setup
[info] 
[info] First, let's associate this project directory with a Firebase project.
[info] You can create multiple project aliases by running firebase use --add, 
[info] but for now we'll just set up a default project.
[info] 
[debug] [2023-06-16T21:35:46.724Z] >>> [apiv2][query] GET https://firebase.googleapis.com/v1beta1/projects pageSize=100
[debug] [2023-06-16T21:35:47.453Z] <<< [apiv2][status] GET https://firebase.googleapis.com/v1beta1/projects 200
[debug] [2023-06-16T21:35:47.454Z] <<< [apiv2][body] GET https://firebase.googleapis.com/v1beta1/projects [omitted]
[info] i  Using project gallosplay-rborja (GallosPlay) 
[info] 
=== Hosting Setup
[info] 
[info] Your public directory is the folder (relative to your project directory) that
[info] will contain Hosting assets to be uploaded with firebase deploy. If you
[info] have a build process for your assets, use your build's output directory.
[info] 
[debug] [2023-06-16T21:37:21.612Z] >>> [apiv2][query] GET https://www.gstatic.com/firebasejs/releases.json [none]
[debug] [2023-06-16T21:37:21.873Z] <<< [apiv2][status] GET https://www.gstatic.com/firebasejs/releases.json 200
[debug] [2023-06-16T21:37:21.873Z] <<< [apiv2][body] GET https://www.gstatic.com/firebasejs/releases.json {"current":{"version":"9.22.2","browserURL":"https://www.gstatic.com/firebasejs/9.22.2/firebase.js","packageURL":"https://www.gstatic.com/firebasejs/9.22.2/firebase.tgz"},"live":{"version":"9.22","browserURL":"https://www.gstatic.com/firebasejs/live/9.22/firebase.js","packageURL":"https://www.gstatic.com/firebasejs/live/9.22/firebase.tgz"},"components":{"analytics":"https://www.gstatic.com/firebasejs/9.22.2/firebase-analytics.js","app":"https://www.gstatic.com/firebasejs/9.22.2/firebase-app.js","app-check":"https://www.gstatic.com/firebasejs/9.22.2/firebase-app-check.js","auth":"https://www.gstatic.com/firebasejs/9.22.2/firebase-auth.js","auth/cordova":"https://www.gstatic.com/firebasejs/9.22.2/firebase-auth/cordova.js","auth/react-native":"https://www.gstatic.com/firebasejs/9.22.2/firebase-auth/react-native.js","functions":"https://www.gstatic.com/firebasejs/9.22.2/firebase-functions.js","firestore":"https://www.gstatic.com/firebasejs/9.22.2/firebase-firestore.js","firestore/lite":"https://www.gstatic.com/firebasejs/9.22.2/firebase-firestore/lite.js","installations":"https://www.gstatic.com/firebasejs/9.22.2/firebase-installations.js","storage":"https://www.gstatic.com/firebasejs/9.22.2/firebase-storage.js","performance":"https://www.gstatic.com/firebasejs/9.22.2/firebase-performance.js","remote-config":"https://www.gstatic.com/firebasejs/9.22.2/firebase-remote-config.js","messaging":"https://www.gstatic.com/firebasejs/9.22.2/firebase-messaging.js","messaging/sw":"https://www.gstatic.com/firebasejs/9.22.2/firebase-messaging/sw.js","database":"https://www.gstatic.com/firebasejs/9.22.2/firebase-database.js","firestore.memory":"https://www.gstatic.com/firebasejs/9.22.2/firebase-firestore.memory.js"}}
[info] +  Wrote  /dist/index.html 
[info] 
[info] i  Detected a .git folder at C:\DeveloperRodolfo\portafoliorborja\Portfolio-Template-main 
[info] i  Authorizing with GitHub to upload your service account to a GitHub repository's secrets store. 
[info] 
[info] Visit this URL on this device to log in:
[info] https://github.com/login/oauth/authorize?client_id=89cf50f02ac6aaed3484&state=56075024&redirect_uri=http%3A%2F%2Flocalhost%3A9005&scope=read%3Auser%20repo%20public_repo
[info] 
[info] Waiting for authentication...
[debug] [2023-06-16T21:37:22.831Z] >>> [apiv2][query] POST https://github.com/login/oauth/access_token [none]
[debug] [2023-06-16T21:37:22.831Z] >>> [apiv2][body] POST https://github.com/login/oauth/access_token [stream]
[debug] [2023-06-16T21:37:23.284Z] <<< [apiv2][status] POST https://github.com/login/oauth/access_token 200
[debug] [2023-06-16T21:37:23.285Z] <<< [apiv2][body] POST https://github.com/login/oauth/access_token {"access_token":"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","token_type":"bearer","scope":"read:user,repo"}
[debug] [2023-06-16T21:37:23.292Z] >>> [apiv2][query] GET https://api.github.com/user [none]
[debug] [2023-06-16T21:37:23.787Z] <<< [apiv2][status] GET https://api.github.com/user 200
[debug] [2023-06-16T21:37:23.787Z] <<< [apiv2][body] GET https://api.github.com/user {"login":"rodolfoborja25","id":133072266,"node_id":"U_kgDOB-6Fig","avatar_url":"https://avatars.githubusercontent.com/u/133072266?v=4","gravatar_id":"","url":"https://api.github.com/users/rodolfoborja25","html_url":"https://github.com/rodolfoborja25","followers_url":"https://api.github.com/users/rodolfoborja25/followers","following_url":"https://api.github.com/users/rodolfoborja25/following{/other_user}","gists_url":"https://api.github.com/users/rodolfoborja25/gists{/gist_id}","starred_url":"https://api.github.com/users/rodolfoborja25/starred{/owner}{/repo}","subscriptions_url":"https://api.github.com/users/rodolfoborja25/subscriptions","organizations_url":"https://api.github.com/users/rodolfoborja25/orgs","repos_url":"https://api.github.com/users/rodolfoborja25/repos","events_url":"https://api.github.com/users/rodolfoborja25/events{/privacy}","received_events_url":"https://api.github.com/users/rodolfoborja25/received_events","type":"User","site_admin":false,"name":null,"company":null,"blog":"","location":null,"email":null,"hireable":null,"bio":null,"twitter_username":null,"public_repos":1,"public_gists":0,"followers":0,"following":0,"created_at":"2023-05-10T01:38:09Z","updated_at":"2023-06-16T19:52:22Z","private_gists":0,"total_private_repos":0,"owned_private_repos":0,"disk_usage":30963,"collaborators":0,"two_factor_authentication":false,"plan":{"name":"free","space":976562499,"collaborators":0,"private_repos":10000}}
[info] 
[info] +  Success! Logged into GitHub as rodolfoborja25 
[info] 
[debug] [2023-06-16T21:38:44.910Z] >>> [apiv2][query] GET https://api.github.com/repos/[3~ortafoliorborodolfoborja25/portafoliorborjaja/actions/secrets/public-key type=owner
[debug] [2023-06-16T21:38:45.349Z] <<< [apiv2][status] GET https://api.github.com/repos/[3~ortafoliorborodolfoborja25/portafoliorborjaja/actions/secrets/public-key 404
[debug] [2023-06-16T21:38:45.350Z] <<< [apiv2][body] GET https://api.github.com/repos/[3~ortafoliorborodolfoborja25/portafoliorborjaja/actions/secrets/public-key {"message":"Not Found","documentation_url":"https://docs.github.com/rest/reference/actions#get-a-repository-public-key"}
[info] 
[info] 
[error] !  The provided authorization cannot be used with this repository. If this repository is in an organization, did you remember to grant access? 
[info] 
[info] i  Action required: Visit this URL to ensure access has been granted to the appropriate organization(s) for the Firebase CLI GitHub OAuth App: 
[info] https://github.com/settings/connections/applications/89cf50f02ac6aaed3484
[info] 
[debug] [2023-06-16T21:39:20.159Z] >>> [apiv2][query] GET https://api.github.com/repos/[3~ortafoliorborodolfoborja25/portafoliorborjaja/actions/secrets/public-key type=owner
[debug] [2023-06-16T21:39:20.600Z] <<< [apiv2][status] GET https://api.github.com/repos/[3~ortafoliorborodolfoborja25/portafoliorborjaja/actions/secrets/public-key 404
[debug] [2023-06-16T21:39:20.601Z] <<< [apiv2][body] GET https://api.github.com/repos/[3~ortafoliorborodolfoborja25/portafoliorborjaja/actions/secrets/public-key {"message":"Not Found","documentation_url":"https://docs.github.com/rest/reference/actions#get-a-repository-public-key"}
[info] 
[info] 
[error] !  The provided authorization cannot be used with this repository. If this repository is in an organization, did you remember to grant access? 
[info] 
[info] i  Action required: Visit this URL to ensure access has been granted to the appropriate organization(s) for the Firebase CLI GitHub OAuth App: 
[info] https://github.com/settings/connections/applications/89cf50f02ac6aaed3484
[info] 
[debug] [2023-06-16T21:40:28.331Z] >>> [apiv2][query] GET https://api.github.com/repos/[3~ortafoliorborodolfoborja25/port[3~iorborjajaodolfoborja25/portafoliorborja/actions/secrets/public-key type=owner
[debug] [2023-06-16T21:40:28.754Z] <<< [apiv2][status] GET https://api.github.com/repos/[3~ortafoliorborodolfoborja25/port[3~iorborjajaodolfoborja25/portafoliorborja/actions/secrets/public-key 404
[debug] [2023-06-16T21:40:28.754Z] <<< [apiv2][body] GET https://api.github.com/repos/[3~ortafoliorborodolfoborja25/port[3~iorborjajaodolfoborja25/portafoliorborja/actions/secrets/public-key {"message":"Not Found","documentation_url":"https://docs.github.com/rest"}
[info] 
[info] 
[error] !  The provided authorization cannot be used with this repository. If this repository is in an organization, did you remember to grant access? 
[info] 
[info] i  Action required: Visit this URL to ensure access has been granted to the appropriate organization(s) for the Firebase CLI GitHub OAuth App: 
[info] https://github.com/settings/connections/applications/89cf50f02ac6aaed3484
[info] 
[debug] [2023-06-16T21:41:02.550Z] ----------------------------------------------------------------------
[debug] [2023-06-16T21:41:02.553Z] Command:       C:\Program Files\nodejs\node.exe C:\Users\kruger\AppData\Roaming\npm\node_modules\firebase-tools\lib\bin\firebase.js init hosting
[debug] [2023-06-16T21:41:02.553Z] CLI Version:   12.4.0
[debug] [2023-06-16T21:41:02.553Z] Platform:      win32
[debug] [2023-06-16T21:41:02.554Z] Node Version:  v18.7.0
[debug] [2023-06-16T21:41:02.555Z] Time:          Fri Jun 16 2023 16:41:02 GMT-0500 (hora de Ecuador)
[debug] [2023-06-16T21:41:02.555Z] ----------------------------------------------------------------------
[debug] 
[debug] [2023-06-16T21:41:02.563Z] > command requires scopes: ["email","openid","https://www.googleapis.com/auth/cloudplatformprojects.readonly","https://www.googleapis.com/auth/firebase","https://www.googleapis.com/auth/cloud-platform"]
[debug] [2023-06-16T21:41:02.563Z] > authorizing via signed-in user (rodolfoborja25@gmail.com)
[info] 
     ######## #### ########  ######## ########     ###     ######  ########
     ##        ##  ##     ## ##       ##     ##  ##   ##  ##       ##
     ######    ##  ########  ######   ########  #########  ######  ######
     ##        ##  ##    ##  ##       ##     ## ##     ##       ## ##
     ##       #### ##     ## ######## ########  ##     ##  ######  ########

You're about to initialize a Firebase project in this directory:

  C:\DeveloperRodolfo\portafoliorborja\Portfolio-Template-main

Before we get started, keep in mind:

  * You are currently outside your home directory

[info] 
=== Project Setup
[info] 
[info] First, let's associate this project directory with a Firebase project.
[info] You can create multiple project aliases by running firebase use --add, 
[info] but for now we'll just set up a default project.
[info] 
[debug] [2023-06-16T21:41:06.899Z] >>> [apiv2][query] GET https://firebase.googleapis.com/v1beta1/projects pageSize=100
[debug] [2023-06-16T21:41:07.618Z] <<< [apiv2][status] GET https://firebase.googleapis.com/v1beta1/projects 200
[debug] [2023-06-16T21:41:07.618Z] <<< [apiv2][body] GET https://firebase.googleapis.com/v1beta1/projects [omitted]
